#
# A fatal error has been detected by the Java Runtime Environment:
#
#  EXCEPTION_ACCESS_VIOLATION (0xc0000005) at pc=0x0000000059e019ba, pid=9944, tid=0x0000000000000f24
#
# JRE version: OpenJDK Runtime Environment (8.0_152-b01) (build 1.8.0_152-release-1248-b01)
# Java VM: OpenJDK 64-Bit Server VM (25.152-b01 mixed mode windows-amd64 compressed oops)
# Problematic frame:
# V  [jvm.dll+0x4319ba]
#
# Failed to write core dump. Minidumps are not enabled by default on client versions of Windows
#
# If you would like to submit a bug report, please visit:
#   http://bugreport.java.com/bugreport/crash.jsp
#

---------------  T H R E A D  ---------------

Current thread (0x0000000017e29000):  JavaThread "C2 CompilerThread1" daemon [_thread_in_native, id=3876, stack(0x0000000018520000,0x0000000018620000)]

siginfo: ExceptionCode=0xc0000005, reading address 0x000000025a164500

Registers:
RAX=0x000000025a164500, RBX=0x000000001e48c4c0, RCX=0x000000001c4813b8, RDX=0x0000000000080000
RSP=0x000000001861c370, RBP=0xffffffffffffffff, RSI=0x000000001c4813b8, RDI=0x000000001cfcd490
R8 =0x00000000000002f6, R9 =0x0000000000000001, R10=0x0000000000000062, R11=0x0000000000000050
R12=0x000000025a164500, R13=0x000000001b4f02e8, R14=0x00000000599d0000, R15=0x0000000000000001
RIP=0x0000000059e019ba, EFLAGS=0x0000000000010246

Top of Stack: (sp=0x000000001861c370)
0x000000001861c370:   000000001e37aa40 000000001f2d2e90
0x000000001861c380:   000000001cfcd490 ffffffffffffffff
0x000000001861c390:   000000020000014c 000000001cfcd490
0x000000001861c3a0:   0000000000000070 000000000000014c
0x000000001861c3b0:   0000000000000000 0000000000000000
0x000000001861c3c0:   000000001861c490 00000000000003d8
0x000000001861c3d0:   0000000019915cf8 0000000019915920
0x000000001861c3e0:   000000001861c510 0000000000000000
0x000000001861c3f0:   000000001861c780 0000000019915910
0x000000001861c400:   0000000000000000 0000000059e04dc4
0x000000001861c410:   000000001861c780 000000001861c501
0x000000001861c420:   00000000ffffffff 000000000000000e
0x000000001861c430:   0000000000000002 0000000019915910
0x000000001861c440:   000000001b35f030 000000001b3642c0
0x000000001861c450:   000000001b367018 0000000000cee200
0x000000001861c460:   0000000000000002 0000000019915d00 

Instructions: (pc=0x0000000059e019ba)
0x0000000059e0199a:   68 48 83 7b 18 00 48 8b c6 48 8b ce 48 0f 45 c5
0x0000000059e019aa:   48 89 43 18 48 8b 06 ff 90 80 00 00 00 4c 8b e0
0x0000000059e019ba:   8b 08 21 4b 38 8b 48 04 21 4b 3c 8b 48 08 21 4b
0x0000000059e019ca:   40 8b 48 0c 21 4b 44 8b 48 10 21 4b 48 8b 40 14 


Register to memory mapping:

RAX=0x000000025a164500 is an unknown value
RBX=0x000000001e48c4c0 is an unknown value
RCX=0x000000001c4813b8 is an unknown value
RDX=0x0000000000080000 is an unknown value
RSP=0x000000001861c370 is pointing into the stack for thread: 0x0000000017e29000
RBP=0xffffffffffffffff is an unknown value
RSI=0x000000001c4813b8 is an unknown value
RDI=0x000000001cfcd490 is an unknown value
R8 =0x00000000000002f6 is an unknown value
R9 =0x0000000000000001 is an unknown value
R10=0x0000000000000062 is an unknown value
R11=0x0000000000000050 is an unknown value
R12=0x000000025a164500 is an unknown value
R13=0x000000001b4f02e8 is an unknown value
R14=0x00000000599d0000 is an unknown value
R15=0x0000000000000001 is an unknown value


Stack: [0x0000000018520000,0x0000000018620000],  sp=0x000000001861c370,  free space=1008k
Native frames: (J=compiled Java code, j=interpreted, Vv=VM code, C=native code)
V  [jvm.dll+0x4319ba]
V  [jvm.dll+0x434dc4]
V  [jvm.dll+0x43f99b]
V  [jvm.dll+0x44226e]
V  [jvm.dll+0x4252c2]
V  [jvm.dll+0x813d8]
V  [jvm.dll+0x81d0f]
V  [jvm.dll+0x21d41f]
V  [jvm.dll+0x26d9aa]
C  [msvcr100.dll+0x21d9f]
C  [msvcr100.dll+0x21e3b]
C  [KERNEL32.DLL+0x17974]
C  [ntdll.dll+0x6a271]


Current CompileTask:
C2:   6299 2312   !   4       java.net.URLClassLoader$1::run (63 bytes)


---------------  P R O C E S S  ---------------

Java Threads: ( => current thread )
  0x000000001c834000 JavaThread "Build operations Thread 4" [_thread_blocked, id=10496, stack(0x0000000020de0000,0x0000000020ee0000)]
  0x000000001c830000 JavaThread "Build operations Thread 3" [_thread_in_native, id=8452, stack(0x0000000020ce0000,0x0000000020de0000)]
  0x0000000019fd5800 JavaThread "Build operations Thread 2" [_thread_blocked, id=8476, stack(0x0000000020be0000,0x0000000020ce0000)]
  0x0000000019fda000 JavaThread "Build operations" [_thread_blocked, id=9760, stack(0x0000000020ae0000,0x0000000020be0000)]
  0x0000000019fd9800 JavaThread "Cache worker for Artifact transforms cache (C:\Users\zhh\.gradle\caches\transforms-1)" [_thread_blocked, id=9836, stack(0x0000000020550000,0x0000000020650000)]
  0x0000000019fd8800 JavaThread "Cache worker for cache directory md-rule (C:\Users\zhh\.gradle\caches\4.10.1\md-rule)" [_thread_blocked, id=10892, stack(0x0000000020450000,0x0000000020550000)]
  0x0000000019fdc800 JavaThread "Cache worker for cache directory md-supplier (C:\Users\zhh\.gradle\caches\4.10.1\md-supplier)" [_thread_blocked, id=9084, stack(0x000000001fe70000,0x000000001ff70000)]
  0x0000000019fdb800 JavaThread "Cache worker for journal cache (C:\Users\zhh\.gradle\caches\journal-1)" [_thread_blocked, id=6604, stack(0x000000001fb70000,0x000000001fc70000)]
  0x000000001be2e000 JavaThread "Cache worker for file hash cache (D:\Android app\myNovel\.gradle\4.10.1\fileHashes)" [_thread_blocked, id=1660, stack(0x000000001e4f0000,0x000000001e5f0000)]
  0x000000001b241000 JavaThread "File lock request listener" [_thread_in_native, id=10084, stack(0x000000001c070000,0x000000001c170000)]
  0x000000001a06c000 JavaThread "Cache worker for file hash cache (C:\Users\zhh\.gradle\caches\4.10.1\fileHashes)" [_thread_blocked, id=4220, stack(0x000000001bf70000,0x000000001c070000)]
  0x0000000019949000 JavaThread "Stdin handler" [_thread_blocked, id=7340, stack(0x000000001aca0000,0x000000001ada0000)]
  0x0000000019952800 JavaThread "Asynchronous log dispatcher for DefaultDaemonConnection: socket connection from /127.0.0.1:49905 to /127.0.0.1:49906" [_thread_blocked, id=3240, stack(0x000000001aba0000,0x000000001aca0000)]
  0x0000000019942800 JavaThread "Daemon worker" [_thread_blocked, id=9412, stack(0x000000001aaa0000,0x000000001aba0000)]
  0x000000001996a000 JavaThread "Cancel handler" [_thread_blocked, id=7388, stack(0x000000001a9a0000,0x000000001aaa0000)]
  0x00000000199d7800 JavaThread "Handler for socket connection from /127.0.0.1:49905 to /127.0.0.1:49906" [_thread_in_native, id=8700, stack(0x000000001a6a0000,0x000000001a7a0000)]
  0x00000000199ed000 JavaThread "Daemon" [_thread_blocked, id=8368, stack(0x000000001a5a0000,0x000000001a6a0000)]
  0x00000000199c6800 JavaThread "Daemon periodic checks" [_thread_blocked, id=984, stack(0x000000001a4a0000,0x000000001a5a0000)]
  0x0000000019980000 JavaThread "Incoming local TCP Connector on port 49905" [_thread_in_native, id=10304, stack(0x000000001a2f0000,0x000000001a3f0000)]
  0x0000000017e9c800 JavaThread "Service Thread" daemon [_thread_blocked, id=1620, stack(0x0000000018720000,0x0000000018820000)]
  0x0000000017e33000 JavaThread "C1 CompilerThread2" daemon [_thread_blocked, id=5780, stack(0x0000000018620000,0x0000000018720000)]
=>0x0000000017e29000 JavaThread "C2 CompilerThread1" daemon [_thread_in_native, id=3876, stack(0x0000000018520000,0x0000000018620000)]
  0x0000000016b1b800 JavaThread "C2 CompilerThread0" daemon [_thread_blocked, id=8568, stack(0x0000000018420000,0x0000000018520000)]
  0x0000000016acf000 JavaThread "Attach Listener" daemon [_thread_blocked, id=9688, stack(0x0000000018320000,0x0000000018420000)]
  0x0000000017e28800 JavaThread "Signal Dispatcher" daemon [_thread_blocked, id=10732, stack(0x0000000018220000,0x0000000018320000)]
  0x0000000016aa9800 JavaThread "Finalizer" daemon [_thread_blocked, id=4392, stack(0x0000000017d20000,0x0000000017e20000)]
  0x0000000003141000 JavaThread "Reference Handler" daemon [_thread_blocked, id=9384, stack(0x0000000017c20000,0x0000000017d20000)]
  0x0000000000bfe000 JavaThread "main" [_thread_blocked, id=9960, stack(0x0000000002b20000,0x0000000002c20000)]

Other Threads:
  0x0000000016a86800 VMThread [stack: 0x0000000017b20000,0x0000000017c20000] [id=5392]
  0x0000000017ea5800 WatcherThread [stack: 0x0000000018820000,0x0000000018920000] [id=7412]

VM state:not at safepoint (normal execution)

VM Mutex/Monitor currently owned by a thread: None

Heap:
 PSYoungGen      total 103424K, used 68536K [0x00000000e0000000, 0x00000000e9180000, 0x0000000100000000)
  eden space 96256K, 63% used [0x00000000e0000000,0x00000000e3c00dd0,0x00000000e5e00000)
  from space 7168K, 98% used [0x00000000e8a80000,0x00000000e916d440,0x00000000e9180000)
  to   space 10752K, 0% used [0x00000000e7c80000,0x00000000e7c80000,0x00000000e8700000)
 ParOldGen       total 111616K, used 10174K [0x00000000a0000000, 0x00000000a6d00000, 0x00000000e0000000)
  object space 111616K, 9% used [0x00000000a0000000,0x00000000a09efb10,0x00000000a6d00000)
 Metaspace       used 30459K, capacity 31004K, committed 31104K, reserved 1075200K
  class space    used 4233K, capacity 4455K, committed 4480K, reserved 1048576K

Card table byte_map: [0x0000000012510000,0x0000000012820000] byte_map_base: 0x0000000012010000

Marking Bits: (ParMarkBitMap*) 0x000000005a195aa0
 Begin Bits: [0x0000000012e20000, 0x0000000014620000)
 End Bits:   [0x0000000014620000, 0x0000000015e20000)

Polling page: 0x0000000002c20000

CodeCache: size=245760Kb used=9921Kb max_used=9921Kb free=235838Kb
 bounds [0x0000000003150000, 0x0000000003b10000, 0x0000000012150000]
 total_blobs=3344 nmethods=2663 adapters=594
 compilation: enabled

Compilation events (10 events):
Event: 5.817 Thread 0x0000000017e33000 2670       3       java.io.ObjectOutputStream$BlockDataOutputStream::writeLong (48 bytes)
Event: 5.817 Thread 0x0000000017e33000 nmethod 2670 0x00000000032656d0 code [0x0000000003265840, 0x0000000003265b18]
Event: 5.817 Thread 0x0000000017e33000 2671       3       java.nio.DirectByteBuffer::ix (10 bytes)
Event: 5.817 Thread 0x0000000017e33000 nmethod 2671 0x000000000326b010 code [0x000000000326b160, 0x000000000326b2b0]
Event: 5.937 Thread 0x0000000016b1b800 2672       4       java.io.DataInputStream::readInt (72 bytes)
Event: 5.937 Thread 0x0000000017e33000 2673       3       com.google.common.io.CountingOutputStream::write (19 bytes)
Event: 5.937 Thread 0x0000000017e33000 nmethod 2673 0x00000000032528d0 code [0x0000000003252a40, 0x0000000003252c88]
Event: 5.937 Thread 0x0000000017e33000 2674       1       org.gradle.internal.operations.BuildOperationDescriptor::getOperationType (5 bytes)
Event: 5.937 Thread 0x0000000017e33000 nmethod 2674 0x0000000003252610 code [0x0000000003252760, 0x0000000003252870]
Event: 5.938 Thread 0x0000000016b1b800 nmethod 2672 0x0000000003250850 code [0x00000000032509a0, 0x0000000003250ad8]

GC Heap History (10 events):
Event: 1.248 GC heap before
{Heap before GC invocations=1 (full 0):
 PSYoungGen      total 76288K, used 65536K [0x00000000e0000000, 0x00000000e5500000, 0x0000000100000000)
  eden space 65536K, 100% used [0x00000000e0000000,0x00000000e4000000,0x00000000e4000000)
  from space 10752K, 0% used [0x00000000e4a80000,0x00000000e4a80000,0x00000000e5500000)
  to   space 10752K, 0% used [0x00000000e4000000,0x00000000e4000000,0x00000000e4a80000)
 ParOldGen       total 175104K, used 0K [0x00000000a0000000, 0x00000000aab00000, 0x00000000e0000000)
  object space 175104K, 0% used [0x00000000a0000000,0x00000000a0000000,0x00000000aab00000)
 Metaspace       used 9167K, capacity 9480K, committed 9600K, reserved 1056768K
  class space    used 1220K, capacity 1328K, committed 1408K, reserved 1048576K
Event: 1.256 GC heap after
Heap after GC invocations=1 (full 0):
 PSYoungGen      total 76288K, used 7295K [0x00000000e0000000, 0x00000000e5500000, 0x0000000100000000)
  eden space 65536K, 0% used [0x00000000e0000000,0x00000000e0000000,0x00000000e4000000)
  from space 10752K, 67% used [0x00000000e4000000,0x00000000e471fcb8,0x00000000e4a80000)
  to   space 10752K, 0% used [0x00000000e4a80000,0x00000000e4a80000,0x00000000e5500000)
 ParOldGen       total 175104K, used 8K [0x00000000a0000000, 0x00000000aab00000, 0x00000000e0000000)
  object space 175104K, 0% used [0x00000000a0000000,0x00000000a0002000,0x00000000aab00000)
 Metaspace       used 9167K, capacity 9480K, committed 9600K, reserved 1056768K
  class space    used 1220K, capacity 1328K, committed 1408K, reserved 1048576K
}
Event: 3.340 GC heap before
{Heap before GC invocations=2 (full 0):
 PSYoungGen      total 76288K, used 72831K [0x00000000e0000000, 0x00000000e5500000, 0x0000000100000000)
  eden space 65536K, 100% used [0x00000000e0000000,0x00000000e4000000,0x00000000e4000000)
  from space 10752K, 67% used [0x00000000e4000000,0x00000000e471fcb8,0x00000000e4a80000)
  to   space 10752K, 0% used [0x00000000e4a80000,0x00000000e4a80000,0x00000000e5500000)
 ParOldGen       total 175104K, used 8K [0x00000000a0000000, 0x00000000aab00000, 0x00000000e0000000)
  object space 175104K, 0% used [0x00000000a0000000,0x00000000a0002000,0x00000000aab00000)
 Metaspace       used 16238K, capacity 16662K, committed 16896K, reserved 1062912K
  class space    used 2310K, capacity 2491K, committed 2560K, reserved 1048576K
Event: 3.356 GC heap after
Heap after GC invocations=2 (full 0):
 PSYoungGen      total 76288K, used 10724K [0x00000000e0000000, 0x00000000e5500000, 0x0000000100000000)
  eden space 65536K, 0% used [0x00000000e0000000,0x00000000e0000000,0x00000000e4000000)
  from space 10752K, 99% used [0x00000000e4a80000,0x00000000e54f9338,0x00000000e5500000)
  to   space 10752K, 0% used [0x00000000e4000000,0x00000000e4000000,0x00000000e4a80000)
 ParOldGen       total 175104K, used 148K [0x00000000a0000000, 0x00000000aab00000, 0x00000000e0000000)
  object space 175104K, 0% used [0x00000000a0000000,0x00000000a0025158,0x00000000aab00000)
 Metaspace       used 16238K, capacity 16662K, committed 16896K, reserved 1062912K
  class space    used 2310K, capacity 2491K, committed 2560K, reserved 1048576K
}
Event: 3.988 GC heap before
{Heap before GC invocations=3 (full 0):
 PSYoungGen      total 76288K, used 50046K [0x00000000e0000000, 0x00000000e5500000, 0x0000000100000000)
  eden space 65536K, 59% used [0x00000000e0000000,0x00000000e2666630,0x00000000e4000000)
  from space 10752K, 99% used [0x00000000e4a80000,0x00000000e54f9338,0x00000000e5500000)
  to   space 10752K, 0% used [0x00000000e4000000,0x00000000e4000000,0x00000000e4a80000)
 ParOldGen       total 175104K, used 148K [0x00000000a0000000, 0x00000000aab00000, 0x00000000e0000000)
  object space 175104K, 0% used [0x00000000a0000000,0x00000000a0025158,0x00000000aab00000)
 Metaspace       used 20753K, capacity 21218K, committed 21248K, reserved 1067008K
  class space    used 2887K, capacity 3057K, committed 3072K, reserved 1048576K
Event: 3.999 GC heap after
Heap after GC invocations=3 (full 0):
 PSYoungGen      total 76288K, used 10441K [0x00000000e0000000, 0x00000000e9500000, 0x0000000100000000)
  eden space 65536K, 0% used [0x00000000e0000000,0x00000000e0000000,0x00000000e4000000)
  from space 10752K, 97% used [0x00000000e4000000,0x00000000e4a32488,0x00000000e4a80000)
  to   space 10752K, 0% used [0x00000000e8a80000,0x00000000e8a80000,0x00000000e9500000)
 ParOldGen       total 175104K, used 156K [0x00000000a0000000, 0x00000000aab00000, 0x00000000e0000000)
  object space 175104K, 0% used [0x00000000a0000000,0x00000000a0027158,0x00000000aab00000)
 Metaspace       used 20753K, capacity 21218K, committed 21248K, reserved 1067008K
  class space    used 2887K, capacity 3057K, committed 3072K, reserved 1048576K
}
Event: 3.999 GC heap before
{Heap before GC invocations=4 (full 1):
 PSYoungGen      total 76288K, used 10441K [0x00000000e0000000, 0x00000000e9500000, 0x0000000100000000)
  eden space 65536K, 0% used [0x00000000e0000000,0x00000000e0000000,0x00000000e4000000)
  from space 10752K, 97% used [0x00000000e4000000,0x00000000e4a32488,0x00000000e4a80000)
  to   space 10752K, 0% used [0x00000000e8a80000,0x00000000e8a80000,0x00000000e9500000)
 ParOldGen       total 175104K, used 156K [0x00000000a0000000, 0x00000000aab00000, 0x00000000e0000000)
  object space 175104K, 0% used [0x00000000a0000000,0x00000000a0027158,0x00000000aab00000)
 Metaspace       used 20753K, capacity 21218K, committed 21248K, reserved 1067008K
  class space    used 2887K, capacity 3057K, committed 3072K, reserved 1048576K
Event: 4.048 GC heap after
Heap after GC invocations=4 (full 1):
 PSYoungGen      total 76288K, used 0K [0x00000000e0000000, 0x00000000e9500000, 0x0000000100000000)
  eden space 65536K, 0% used [0x00000000e0000000,0x00000000e0000000,0x00000000e4000000)
  from space 10752K, 0% used [0x00000000e4000000,0x00000000e4000000,0x00000000e4a80000)
  to   space 10752K, 0% used [0x00000000e8a80000,0x00000000e8a80000,0x00000000e9500000)
 ParOldGen       total 111616K, used 10166K [0x00000000a0000000, 0x00000000a6d00000, 0x00000000e0000000)
  object space 111616K, 9% used [0x00000000a0000000,0x00000000a09edb10,0x00000000a6d00000)
 Metaspace       used 20753K, capacity 21218K, committed 21248K, reserved 1067008K
  class space    used 2887K, capacity 3057K, committed 3072K, reserved 1048576K
}
Event: 4.983 GC heap before
{Heap before GC invocations=5 (full 1):
 PSYoungGen      total 76288K, used 65536K [0x00000000e0000000, 0x00000000e9500000, 0x0000000100000000)
  eden space 65536K, 100% used [0x00000000e0000000,0x00000000e4000000,0x00000000e4000000)
  from space 10752K, 0% used [0x00000000e4000000,0x00000000e4000000,0x00000000e4a80000)
  to   space 10752K, 0% used [0x00000000e8a80000,0x00000000e8a80000,0x00000000e9500000)
 ParOldGen       total 111616K, used 10166K [0x00000000a0000000, 0x00000000a6d00000, 0x00000000e0000000)
  object space 111616K, 9% used [0x00000000a0000000,0x00000000a09edb10,0x00000000a6d00000)
 Metaspace       used 27268K, capacity 27760K, committed 28032K, reserved 1073152K
  class space    used 3733K, capacity 3908K, committed 3968K, reserved 1048576K
Event: 4.994 GC heap after
Heap after GC invocations=5 (full 1):
 PSYoungGen      total 103424K, used 7093K [0x00000000e0000000, 0x00000000e9180000, 0x0000000100000000)
  eden space 96256K, 0% used [0x00000000e0000000,0x00000000e0000000,0x00000000e5e00000)
  from space 7168K, 98% used [0x00000000e8a80000,0x00000000e916d440,0x00000000e9180000)
  to   space 10752K, 0% used [0x00000000e7c80000,0x00000000e7c80000,0x00000000e8700000)
 ParOldGen       total 111616K, used 10174K [0x00000000a0000000, 0x00000000a6d00000, 0x00000000e0000000)
  object space 111616K, 9% used [0x00000000a0000000,0x00000000a09efb10,0x00000000a6d00000)
 Metaspace       used 27268K, capacity 27760K, committed 28032K, reserved 1073152K
  class space    used 3733K, capacity 3908K, committed 3968K, reserved 1048576K
}

Deoptimization events (10 events):
Event: 4.557 Thread 0x0000000019942800 Uncommon trap: reason=unstable_if action=reinterpret pc=0x00000000033bbd78 method=java.util.HashMap.getNode(ILjava/lang/Object;)Ljava/util/HashMap$Node; @ 53
Event: 4.557 Thread 0x0000000019942800 Uncommon trap: reason=unstable_if action=reinterpret pc=0x00000000033d0830 method=java.util.HashMap.hash(Ljava/lang/Object;)I @ 1
Event: 4.557 Thread 0x0000000019942800 Uncommon trap: reason=unstable_if action=reinterpret pc=0x00000000035b65dc method=java.util.HashMap.putVal(ILjava/lang/Object;Ljava/lang/Object;ZZ)Ljava/lang/Object; @ 85
Event: 4.569 Thread 0x0000000019942800 Uncommon trap: reason=unstable_if action=reinterpret pc=0x00000000034089f0 method=java.util.LinkedHashMap.afterNodeInsertion(Z)V @ 1
Event: 4.766 Thread 0x0000000019942800 Uncommon trap: reason=class_check action=maybe_recompile pc=0x00000000037528c0 method=sun.misc.URLClassPath.getLoader(I)Lsun/misc/URLClassPath$Loader; @ 94
Event: 4.806 Thread 0x0000000019942800 Uncommon trap: reason=class_check action=maybe_recompile pc=0x000000000375b8c8 method=sun.misc.URLClassPath.getLoader(I)Lsun/misc/URLClassPath$Loader; @ 239
Event: 4.910 Thread 0x0000000019942800 Uncommon trap: reason=unstable_if action=reinterpret pc=0x00000000033e64fc method=java.io.WinNTFileSystem.resolve(Ljava/lang/String;Ljava/lang/String;)Ljava/lang/String; @ 49
Event: 5.509 Thread 0x0000000019942800 Uncommon trap: reason=class_check action=maybe_recompile pc=0x0000000003700420 method=java.util.concurrent.ConcurrentHashMap.putVal(Ljava/lang/Object;Ljava/lang/Object;Z)Ljava/lang/Object; @ 192
Event: 5.522 Thread 0x0000000019942800 Uncommon trap: reason=class_check action=maybe_recompile pc=0x0000000003700420 method=java.util.concurrent.ConcurrentHashMap.putVal(Ljava/lang/Object;Ljava/lang/Object;Z)Ljava/lang/Object; @ 192
Event: 5.523 Thread 0x0000000019942800 Uncommon trap: reason=class_check action=maybe_recompile pc=0x0000000003700420 method=java.util.concurrent.ConcurrentHashMap.putVal(Ljava/lang/Object;Ljava/lang/Object;Z)Ljava/lang/Object; @ 192

Classes redefined (0 events):
No events

Internal exceptions (10 events):
Event: 4.951 Thread 0x0000000019942800 Exception <a 'java/lang/ClassNotFoundException': org/gradle/api/internal/DefaultDomainObjectCollectionCustomizer> (0x00000000e3bcfd98) thrown at [D:\src\AOSP-openjdk-cygwin\jdk8u\hotspot\src\share\vm\classfile\systemDictionary.cpp, line 210]
Event: 4.954 Thread 0x0000000019942800 Exception <a 'java/lang/ClassNotFoundException': org/gradle/api/internal/DefaultNamedDomainObjectCollectionCustomizer> (0x00000000e3c2af40) thrown at [D:\src\AOSP-openjdk-cygwin\jdk8u\hotspot\src\share\vm\classfile\systemDictionary.cpp, line 210]
Event: 4.957 Thread 0x0000000019942800 Exception <a 'java/lang/ClassNotFoundException': org/gradle/api/internal/DefaultNamedDomainObjectListCustomizer> (0x00000000e3ca1258) thrown at [D:\src\AOSP-openjdk-cygwin\jdk8u\hotspot\src\share\vm\classfile\systemDictionary.cpp, line 210]
Event: 4.959 Thread 0x0000000019942800 Exception <a 'java/lang/ClassNotFoundException': org/gradle/api/internal/artifacts/DefaultArtifactRepositoryContainerCustomizer> (0x00000000e3d150a0) thrown at [D:\src\AOSP-openjdk-cygwin\jdk8u\hotspot\src\share\vm\classfile\systemDictionary.cpp, line 210
Event: 4.961 Thread 0x0000000019942800 Exception <a 'java/lang/ClassNotFoundException': org/gradle/api/internal/artifacts/dsl/DefaultRepositoryHandlerCustomizer> (0x00000000e3d7b230) thrown at [D:\src\AOSP-openjdk-cygwin\jdk8u\hotspot\src\share\vm\classfile\systemDictionary.cpp, line 210]
Event: 4.963 Thread 0x0000000019942800 Exception <a 'java/lang/ClassNotFoundException': org/gradle/api/internal/artifacts/dsl/DefaultRepositoryHandler_DecoratedCustomizer> (0x00000000e3dea798) thrown at [D:\src\AOSP-openjdk-cygwin\jdk8u\hotspot\src\share\vm\classfile\systemDictionary.cpp, line
Event: 5.189 Thread 0x0000000019942800 Exception <a 'java/lang/ClassNotFoundException': org/gradle/api/internal/artifacts/dsl/dependencies/DefaultDependencyHandler_DecoratedBeanInfo> (0x00000000e1853c78) thrown at [D:\src\AOSP-openjdk-cygwin\jdk8u\hotspot\src\share\vm\classfile\systemDictionar
Event: 5.189 Thread 0x0000000019942800 Exception <a 'java/lang/ClassNotFoundException': org/gradle/api/internal/artifacts/dsl/dependencies/DefaultDependencyHandlerBeanInfo> (0x00000000e18a5fe0) thrown at [D:\src\AOSP-openjdk-cygwin\jdk8u\hotspot\src\share\vm\classfile\systemDictionary.cpp, lin
Event: 5.190 Thread 0x0000000019942800 Exception <a 'java/lang/ClassNotFoundException': org/gradle/api/internal/artifacts/dsl/dependencies/DefaultDependencyHandlerCustomizer> (0x00000000e18f9258) thrown at [D:\src\AOSP-openjdk-cygwin\jdk8u\hotspot\src\share\vm\classfile\systemDictionary.cpp, l
Event: 5.193 Thread 0x0000000019942800 Exception <a 'java/lang/ClassNotFoundException': org/gradle/api/internal/artifacts/dsl/dependencies/DefaultDependencyHandler_DecoratedCustomizer> (0x00000000e19736a0) thrown at [D:\src\AOSP-openjdk-cygwin\jdk8u\hotspot\src\share\vm\classfile\systemDiction

Events (10 events):
Event: 5.767 Thread 0x0000000017e33000 flushing nmethod 0x0000000003270090
Event: 5.767 Thread 0x0000000017e33000 flushing nmethod 0x0000000003270a90
Event: 5.767 Thread 0x0000000017e33000 flushing nmethod 0x00000000032721d0
Event: 5.767 Thread 0x0000000017e33000 flushing nmethod 0x0000000003272ad0
Event: 5.767 Thread 0x0000000017e33000 flushing nmethod 0x0000000003278b10
Event: 5.767 Thread 0x0000000017e33000 flushing nmethod 0x00000000032796d0
Event: 5.767 Thread 0x0000000017e33000 flushing nmethod 0x000000000327c810
Event: 5.767 Thread 0x0000000017e33000 flushing nmethod 0x0000000003287a10
Event: 5.767 Thread 0x0000000017e33000 flushing nmethod 0x0000000003288d10
Event: 5.798 Thread 0x0000000017e33000 flushing nmethod 0x00000000032a5a10


Dynamic libraries:
0x00007ff6fcbe0000 - 0x00007ff6fcc11000 	D:\Android Studio 3.0\jre\bin\java.exe
0x00007ff92af90000 - 0x00007ff92b17d000 	C:\WINDOWS\SYSTEM32\ntdll.dll
0x00007ff928a40000 - 0x00007ff928af3000 	C:\WINDOWS\System32\KERNEL32.DLL
0x00007ff927c10000 - 0x00007ff927ea3000 	C:\WINDOWS\System32\KERNELBASE.dll
0x00007ff928770000 - 0x00007ff928813000 	C:\WINDOWS\System32\ADVAPI32.dll
0x00007ff9281c0000 - 0x00007ff92825e000 	C:\WINDOWS\System32\msvcrt.dll
0x00007ff92aa30000 - 0x00007ff92aace000 	C:\WINDOWS\System32\sechost.dll
0x00007ff92add0000 - 0x00007ff92aef2000 	C:\WINDOWS\System32\RPCRT4.dll
0x00007ff9288a0000 - 0x00007ff928a37000 	C:\WINDOWS\System32\USER32.dll
0x00007ff927fe0000 - 0x00007ff928000000 	C:\WINDOWS\System32\win32u.dll
0x00007ff92a9f0000 - 0x00007ff92aa19000 	C:\WINDOWS\System32\GDI32.dll
0x00007ff928000000 - 0x00007ff92819a000 	C:\WINDOWS\System32\gdi32full.dll
0x00007ff9272a0000 - 0x00007ff927340000 	C:\WINDOWS\System32\msvcp_win.dll
0x00007ff927340000 - 0x00007ff92743a000 	C:\WINDOWS\System32\ucrtbase.dll
0x00007ff9171e0000 - 0x00007ff917459000 	C:\WINDOWS\WinSxS\amd64_microsoft.windows.common-controls_6595b64144ccf1df_6.0.17763.529_none_05b84068071c8d5a\COMCTL32.dll
0x00007ff928b00000 - 0x00007ff928e2c000 	C:\WINDOWS\System32\combase.dll
0x00007ff927440000 - 0x00007ff9274be000 	C:\WINDOWS\System32\bcryptPrimitives.dll
0x00007ff928540000 - 0x00007ff92856e000 	C:\WINDOWS\System32\IMM32.DLL
0x000000005ac00000 - 0x000000005acd2000 	D:\Android Studio 3.0\jre\jre\bin\msvcr100.dll
0x00000000599d0000 - 0x000000005a211000 	D:\Android Studio 3.0\jre\jre\bin\server\jvm.dll
0x00007ff92acf0000 - 0x00007ff92acf8000 	C:\WINDOWS\System32\PSAPI.DLL
0x00007ff9034c0000 - 0x00007ff9034c9000 	C:\WINDOWS\SYSTEM32\WSOCK32.dll
0x00007ff92aad0000 - 0x00007ff92ab3d000 	C:\WINDOWS\System32\WS2_32.dll
0x00007ff923980000 - 0x00007ff9239a4000 	C:\WINDOWS\SYSTEM32\WINMM.dll
0x00007ff923950000 - 0x00007ff92397d000 	C:\WINDOWS\SYSTEM32\WINMMBASE.dll
0x00007ff927f90000 - 0x00007ff927fda000 	C:\WINDOWS\System32\cfgmgr32.dll
0x00007ff91b920000 - 0x00007ff91b92a000 	C:\WINDOWS\SYSTEM32\VERSION.dll
0x00007ff9034b0000 - 0x00007ff9034bf000 	D:\Android Studio 3.0\jre\jre\bin\verify.dll
0x00007ff8fd800000 - 0x00007ff8fd829000 	D:\Android Studio 3.0\jre\jre\bin\java.dll
0x00007ff8fd7e0000 - 0x00007ff8fd7f6000 	D:\Android Studio 3.0\jre\jre\bin\zip.dll
0x00007ff928e30000 - 0x00007ff92a320000 	C:\WINDOWS\System32\SHELL32.dll
0x00007ff928590000 - 0x00007ff928638000 	C:\WINDOWS\System32\shcore.dll
0x00007ff9274c0000 - 0x00007ff927c0a000 	C:\WINDOWS\System32\windows.storage.dll
0x00007ff927010000 - 0x00007ff927034000 	C:\WINDOWS\System32\profapi.dll
0x00007ff926fb0000 - 0x00007ff92700d000 	C:\WINDOWS\System32\powrprof.dll
0x00007ff92af00000 - 0x00007ff92af52000 	C:\WINDOWS\System32\shlwapi.dll
0x00007ff926f90000 - 0x00007ff926fa1000 	C:\WINDOWS\System32\kernel.appcore.dll
0x00007ff9281a0000 - 0x00007ff9281b7000 	C:\WINDOWS\System32\cryptsp.dll
0x00007ff8fd7c0000 - 0x00007ff8fd7da000 	D:\Android Studio 3.0\jre\jre\bin\net.dll
0x00007ff926810000 - 0x00007ff926877000 	C:\WINDOWS\system32\mswsock.dll
0x00007ff8fd7a0000 - 0x00007ff8fd7b1000 	D:\Android Studio 3.0\jre\jre\bin\nio.dll
0x00007ff9161f0000 - 0x00007ff91620e000 	C:\Users\zhh\.gradle\native\25\windows-amd64\native-platform.dll
0x00007ff8fd790000 - 0x00007ff8fd79d000 	D:\Android Studio 3.0\jre\jre\bin\management.dll
0x00007ff9263d0000 - 0x00007ff926403000 	C:\WINDOWS\system32\rsaenh.dll
0x00007ff927eb0000 - 0x00007ff927ed6000 	C:\WINDOWS\System32\bcrypt.dll
0x00007ff926ec0000 - 0x00007ff926ee8000 	C:\WINDOWS\SYSTEM32\USERENV.dll
0x00007ff9269e0000 - 0x00007ff9269ec000 	C:\WINDOWS\SYSTEM32\CRYPTBASE.dll
0x00007ff926570000 - 0x00007ff9265ad000 	C:\WINDOWS\SYSTEM32\IPHLPAPI.DLL
0x00007ff92aa20000 - 0x00007ff92aa28000 	C:\WINDOWS\System32\NSI.dll
0x00007ff91b3f0000 - 0x00007ff91b406000 	C:\WINDOWS\SYSTEM32\dhcpcsvc6.DLL
0x00007ff91b950000 - 0x00007ff91b96c000 	C:\WINDOWS\SYSTEM32\dhcpcsvc.DLL
0x00007ff9265b0000 - 0x00007ff926676000 	C:\WINDOWS\SYSTEM32\DNSAPI.dll
0x00007ff925990000 - 0x00007ff925b7d000 	C:\WINDOWS\SYSTEM32\dbghelp.dll

VM Arguments:
jvm_args: -Xmx1536m -Dfile.encoding=GBK -Duser.country=CN -Duser.language=zh -Duser.variant 
java_command: org.gradle.launcher.daemon.bootstrap.GradleDaemon 4.10.1
java_class_path (initial): C:\Users\zhh\.gradle\wrapper\dists\gradle-4.10.1-all\455itskqi2qtf0v2sja68alqd\gradle-4.10.1\lib\gradle-launcher-4.10.1.jar
Launcher Type: SUN_STANDARD

Environment Variables:
JAVA_HOME=C:\Program Files\Java\jdk1.8.0_121
CLASSPATH=C:\Program Files\Java\jdk1.8.0_121\lib
PATH=C:\ProgramData\Oracle\Java\javapath;D:\java\jdk1.8.0_171;C:\Program Files (x86);D:\360Downloads\NetBeans 8.2;C:\Program Files\Intel\iCLS Client\;C:\Windows\system32;C:\Windows;C:\Windows\System32\Wbem;C:\Windows\System32\WindowsPowerShell\v1.0\;C:\Program Files (x86)\Common Files\lenovo\easyplussdk\bin;C:\Program Files (x86)\NVIDIA Corporation\PhysX\Common;C:\Program Files (x86)\Intel\Intel(R) Management Engine Components\DAL;C:\Program Files\Intel\Intel(R) Management Engine Components\DAL;C:\Program Files (x86)\Intel\Intel(R) Management Engine Components\IPT;C:\Program Files\Intel\Intel(R) Management Engine Components\IPT;D:\Ch\bin;C:\WINDOWS\system32;C:\WINDOWS;C:\WINDOWS\System32\Wbem;C:\WINDOWS\System32\WindowsPowerShell\v1.0\;C:\Program Files\dotnet\;C:\Program Files\Intel\WiFi\bin\;C:\Program Files\Common Files\Intel\WirelessCommon\;C:\WINDOWS\System32\OpenSSH\;C:\Program Files\Java\jdk1.8.0_121\bin;D:\QQGame;D:\FLEX\GnuWin32\bin;D:\FLEX_yacc\bin;D:\服务外包实验\cvs\cvsnt;D:\人工智能与模式识别\test4J\Tess4J\tessdata;C:\Program Files\MySQL\MySQL Server 5.5\bin;D:\QQGame\Scripts\;D:\QQGame\;D:\Python\Scripts\;D:\Python\;D:\java\jdk1.8.0_171;C:\Program Files (x86)\Microsoft Visual Studio\Common\Tools\WinNT;C:\Program Files (x86)\Microsoft Visual Studio\Common\MSDev98\Bin;C:\Program Files (x86)\Microsoft Visual Studio\Common\Tools;d:\bin;C:\Program Files (x86);C:\Users\zhh\AppData\Local\Microsoft\WindowsApps;D:\FLEX_yacc\bin;D:\FLEX\GnuWin32\bin;D:\人工智能与模式识别\test4J\Tess4J\tessdata;C:\Program Files\MySQL\MySQL Server 5.5\bin;
USERNAME=zhh
OS=Windows_NT
PROCESSOR_IDENTIFIER=Intel64 Family 6 Model 94 Stepping 3, GenuineIntel



---------------  S Y S T E M  ---------------

OS: Windows 10.0 , 64 bit Build 17763 (10.0.17763.475)

CPU:total 4 (initial active 4) (4 cores per cpu, 1 threads per core) family 6 model 94 stepping 3, cmov, cx8, fxsr, mmx, sse, sse2, sse3, ssse3, sse4.1, sse4.2, popcnt, avx, avx2, aes, clmul, erms, rtm, 3dnowpref, lzcnt, tsc, tscinvbit, bmi1, bmi2, adx

Memory: 4k page, physical 16688036k(10708628k free), swap 17736612k(11611928k free)

vm_info: OpenJDK 64-Bit Server VM (25.152-b01) for windows-amd64 JRE (1.8.0_152-release-1248-b01), built by "builder" with MS VC++ 10.0 (VS2010)

time: Fri May 31 09:05:41 2019
elapsed time: 6 seconds (0d 0h 0m 6s)

